vant-recorder  2023-09-05T17:40:49.988Z  info : Configured logger!
vant-recorder  2023-09-05T17:40:50.025Z  info : Started recorder!
vant-recorder  2023-09-05T17:40:50.184Z  info : New realtime record (Tue Sep 05 2023 19:40:50 GMT+0200 (Mitteleuropäische Sommerzeit))
vant-recorder  2023-09-05T17:41:00.337Z  info : New realtime record (Tue Sep 05 2023 19:41:00 GMT+0200 (Mitteleuropäische Sommerzeit))
vant-recorder  2023-09-05T17:41:10.472Z  info : New realtime record (Tue Sep 05 2023 19:41:10 GMT+0200 (Mitteleuropäische Sommerzeit))
vant-recorder  2023-09-05T17:41:20.610Z  info : New realtime record (Tue Sep 05 2023 19:41:20 GMT+0200 (Mitteleuropäische Sommerzeit))
vant-recorder  2023-09-05T17:41:30.751Z  info : New realtime record (Tue Sep 05 2023 19:41:30 GMT+0200 (Mitteleuropäische Sommerzeit))
vant-recorder  2023-09-05T17:41:40.896Z  info : New realtime record (Tue Sep 05 2023 19:41:40 GMT+0200 (Mitteleuropäische Sommerzeit))
vant-recorder  2023-09-05T17:41:51.029Z  info : New realtime record (Tue Sep 05 2023 19:41:51 GMT+0200 (Mitteleuropäische Sommerzeit))
vant-recorder  2023-09-05T17:41:57.973Z  info : Configured logger!
vant-recorder  2023-09-05T17:41:58.010Z  info : Started recorder!
vant-recorder  2023-09-05T17:41:58.147Z  info : New realtime record (Tue Sep 05 2023 19:41:58 GMT+0200 (Mitteleuropäische Sommerzeit))
vant-recorder  2023-09-05T17:42:15.944Z  info : Configured logger!
vant-recorder  2023-09-05T17:42:15.980Z  info : Started recorder!
vant-recorder  2023-09-05T17:42:16.119Z  info : New realtime record (Tue Sep 05 2023 19:42:16 GMT+0200 (Mitteleuropäische Sommerzeit))
vant-recorder  2023-09-05T17:42:26.153Z  info : New realtime record (Tue Sep 05 2023 19:42:26 GMT+0200 (Mitteleuropäische Sommerzeit))
vant-recorder  2023-09-05T17:42:36.140Z  info : New realtime record (Tue Sep 05 2023 19:42:36 GMT+0200 (Mitteleuropäische Sommerzeit))
vant-recorder  2023-09-05T17:42:46.143Z  info : New realtime record (Tue Sep 05 2023 19:42:46 GMT+0200 (Mitteleuropäische Sommerzeit))
vant-recorder  2023-09-05T17:42:56.152Z  info : New realtime record (Tue Sep 05 2023 19:42:56 GMT+0200 (Mitteleuropäische Sommerzeit))
vant-recorder  2023-09-05T17:43:06.148Z  info : New realtime record (Tue Sep 05 2023 19:43:06 GMT+0200 (Mitteleuropäische Sommerzeit))
vant-recorder  2023-09-05T17:43:16.141Z  info : New realtime record (Tue Sep 05 2023 19:43:16 GMT+0200 (Mitteleuropäische Sommerzeit))
vant-recorder  2023-09-05T17:43:30.798Z  info : Configured logger!
vant-recorder  2023-09-05T17:43:30.850Z  info : Started recorder!
vant-recorder  2023-09-05T17:43:31.104Z  info : New realtime record (Tue Sep 05 2023 19:43:31 GMT+0200 (Mitteleuropäische Sommerzeit))
vant-recorder  2023-09-05T17:43:31.135Z  debug : Sent realtime record (Tue Sep 05 2023 19:43:31 GMT+0200 (Mitteleuropäische Sommerzeit)) successfully!
vant-recorder  2023-09-05T17:43:41.162Z  info : New realtime record (Tue Sep 05 2023 19:43:41 GMT+0200 (Mitteleuropäische Sommerzeit))
vant-recorder  2023-09-05T17:43:41.180Z  debug : Sent realtime record (Tue Sep 05 2023 19:43:41 GMT+0200 (Mitteleuropäische Sommerzeit)) successfully!
vant-recorder  2023-09-05T17:43:51.141Z  info : New realtime record (Tue Sep 05 2023 19:43:51 GMT+0200 (Mitteleuropäische Sommerzeit))
vant-recorder  2023-09-05T17:43:51.159Z  debug : Sent realtime record (Tue Sep 05 2023 19:43:51 GMT+0200 (Mitteleuropäische Sommerzeit)) successfully!
vant-recorder  2023-09-05T17:44:01.140Z  info : New realtime record (Tue Sep 05 2023 19:44:01 GMT+0200 (Mitteleuropäische Sommerzeit))
vant-recorder  2023-09-05T17:44:01.156Z  debug : Sent realtime record (Tue Sep 05 2023 19:44:01 GMT+0200 (Mitteleuropäische Sommerzeit)) successfully!
vant-recorder  2023-09-05T17:44:11.147Z  info : New realtime record (Tue Sep 05 2023 19:44:11 GMT+0200 (Mitteleuropäische Sommerzeit))
vant-recorder  2023-09-05T17:44:11.163Z  debug : Sent realtime record (Tue Sep 05 2023 19:44:11 GMT+0200 (Mitteleuropäische Sommerzeit)) successfully!
vant-recorder  2023-09-05T17:44:21.148Z  info : New realtime record (Tue Sep 05 2023 19:44:21 GMT+0200 (Mitteleuropäische Sommerzeit))
vant-recorder  2023-09-05T17:44:21.163Z  debug : Sent realtime record (Tue Sep 05 2023 19:44:21 GMT+0200 (Mitteleuropäische Sommerzeit)) successfully!
vant-recorder  2023-09-05T17:44:31.406Z  info : New realtime record (Tue Sep 05 2023 19:44:31 GMT+0200 (Mitteleuropäische Sommerzeit))
vant-recorder  2023-09-05T17:45:20.389Z  info : Configured logger!
vant-recorder  2023-09-05T17:45:20.426Z  info : Started recorder!
vant-recorder  2023-09-05T17:45:20.566Z  info : New realtime record (Tue Sep 05 2023 19:45:20 GMT+0200 (Mitteleuropäische Sommerzeit))
vant-recorder  2023-09-05T17:45:20.591Z  error : Failed to send realtime record!
vant-recorder  2023-09-05T17:45:30.157Z  info : New realtime record (Tue Sep 05 2023 19:45:30 GMT+0200 (Mitteleuropäische Sommerzeit))
vant-recorder  2023-09-05T17:45:30.160Z  error : Failed to send realtime record!
vant-recorder  2023-09-05T17:45:40.133Z  info : New realtime record (Tue Sep 05 2023 19:45:40 GMT+0200 (Mitteleuropäische Sommerzeit))
vant-recorder  2023-09-05T17:45:40.137Z  error : Failed to send realtime record!
vant-recorder  2023-09-05T17:45:51.721Z  info : Configured logger!
vant-recorder  2023-09-05T17:45:51.760Z  info : Started recorder!
vant-recorder  2023-09-05T17:45:51.899Z  info : New realtime record (Tue Sep 05 2023 19:45:51 GMT+0200 (Mitteleuropäische Sommerzeit))
vant-recorder  2023-09-05T17:45:51.923Z  error : Failed to send realtime record!
vant-recorder  2023-09-05T17:46:04.259Z  info : Configured logger!
vant-recorder  2023-09-05T17:46:04.296Z  info : Started recorder!
vant-recorder  2023-09-05T17:46:04.434Z  info : New realtime record (Tue Sep 05 2023 19:46:04 GMT+0200 (Mitteleuropäische Sommerzeit))
vant-recorder  2023-09-05T17:46:04.459Z  error : Failed to send realtime record!
vant-recorder  2023-09-05T17:46:04.459Z  error : Is your api running?
vant-recorder  2023-09-05T17:46:14.160Z  info : New realtime record (Tue Sep 05 2023 19:46:14 GMT+0200 (Mitteleuropäische Sommerzeit))
vant-recorder  2023-09-05T17:46:14.164Z  error : Failed to send realtime record!
vant-recorder  2023-09-05T17:46:14.165Z  error : Is your api running?
vant-recorder  2023-09-05T17:46:24.149Z  info : New realtime record (Tue Sep 05 2023 19:46:24 GMT+0200 (Mitteleuropäische Sommerzeit))
vant-recorder  2023-09-05T17:46:24.152Z  error : Failed to send realtime record!
vant-recorder  2023-09-05T17:46:24.152Z  error : Is your api running?
vant-recorder  2023-09-05T17:46:34.151Z  info : New realtime record (Tue Sep 05 2023 19:46:34 GMT+0200 (Mitteleuropäische Sommerzeit))
vant-recorder  2023-09-05T17:46:34.153Z  error : Failed to send realtime record!
vant-recorder  2023-09-05T17:46:34.154Z  error : Is your api running?
vant-recorder  2023-09-05T17:46:44.136Z  info : New realtime record (Tue Sep 05 2023 19:46:44 GMT+0200 (Mitteleuropäische Sommerzeit))
vant-recorder  2023-09-05T17:46:44.204Z  debug : Sent realtime record (Tue Sep 05 2023 19:46:44 GMT+0200 (Mitteleuropäische Sommerzeit)) successfully!
vant-recorder  2023-09-05T17:46:54.139Z  info : New realtime record (Tue Sep 05 2023 19:46:54 GMT+0200 (Mitteleuropäische Sommerzeit))
vant-recorder  2023-09-05T17:46:54.162Z  debug : Sent realtime record (Tue Sep 05 2023 19:46:54 GMT+0200 (Mitteleuropäische Sommerzeit)) successfully!
vant-recorder  2023-09-05T17:47:04.142Z  info : New realtime record (Tue Sep 05 2023 19:47:04 GMT+0200 (Mitteleuropäische Sommerzeit))
vant-recorder  2023-09-05T17:47:04.163Z  debug : Sent realtime record (Tue Sep 05 2023 19:47:04 GMT+0200 (Mitteleuropäische Sommerzeit)) successfully!
vant-recorder  2023-09-05T17:47:14.138Z  info : New realtime record (Tue Sep 05 2023 19:47:14 GMT+0200 (Mitteleuropäische Sommerzeit))
vant-recorder  2023-09-05T17:47:14.156Z  debug : Sent realtime record (Tue Sep 05 2023 19:47:14 GMT+0200 (Mitteleuropäische Sommerzeit)) successfully!
vant-recorder  2023-09-05T17:47:24.141Z  info : New realtime record (Tue Sep 05 2023 19:47:24 GMT+0200 (Mitteleuropäische Sommerzeit))
vant-recorder  2023-09-05T17:47:24.159Z  debug : Sent realtime record (Tue Sep 05 2023 19:47:24 GMT+0200 (Mitteleuropäische Sommerzeit)) successfully!
vant-recorder  2023-09-05T17:47:34.145Z  info : New realtime record (Tue Sep 05 2023 19:47:34 GMT+0200 (Mitteleuropäische Sommerzeit))
vant-recorder  2023-09-05T17:47:34.164Z  debug : Sent realtime record (Tue Sep 05 2023 19:47:34 GMT+0200 (Mitteleuropäische Sommerzeit)) successfully!
vant-recorder  2023-09-05T17:47:44.142Z  info : New realtime record (Tue Sep 05 2023 19:47:44 GMT+0200 (Mitteleuropäische Sommerzeit))
vant-recorder  2023-09-05T17:47:44.160Z  debug : Sent realtime record (Tue Sep 05 2023 19:47:44 GMT+0200 (Mitteleuropäische Sommerzeit)) successfully!
vant-recorder  2023-09-05T17:47:54.134Z  info : New realtime record (Tue Sep 05 2023 19:47:54 GMT+0200 (Mitteleuropäische Sommerzeit))
vant-recorder  2023-09-05T17:47:54.151Z  debug : Sent realtime record (Tue Sep 05 2023 19:47:54 GMT+0200 (Mitteleuropäische Sommerzeit)) successfully!
vant-recorder  2023-09-05T17:48:04.138Z  info : New realtime record (Tue Sep 05 2023 19:48:04 GMT+0200 (Mitteleuropäische Sommerzeit))
vant-recorder  2023-09-05T17:48:04.156Z  debug : Sent realtime record (Tue Sep 05 2023 19:48:04 GMT+0200 (Mitteleuropäische Sommerzeit)) successfully!
vant-recorder  2023-09-05T17:48:14.145Z  info : New realtime record (Tue Sep 05 2023 19:48:14 GMT+0200 (Mitteleuropäische Sommerzeit))
vant-recorder  2023-09-05T17:48:14.162Z  debug : Sent realtime record (Tue Sep 05 2023 19:48:14 GMT+0200 (Mitteleuropäische Sommerzeit)) successfully!
vant-recorder  2023-09-05T17:48:24.145Z  info : New realtime record (Tue Sep 05 2023 19:48:24 GMT+0200 (Mitteleuropäische Sommerzeit))
vant-recorder  2023-09-05T17:48:24.162Z  debug : Sent realtime record (Tue Sep 05 2023 19:48:24 GMT+0200 (Mitteleuropäische Sommerzeit)) successfully!
vant-recorder  2023-09-05T17:48:34.143Z  info : New realtime record (Tue Sep 05 2023 19:48:34 GMT+0200 (Mitteleuropäische Sommerzeit))
vant-recorder  2023-09-05T17:48:34.161Z  debug : Sent realtime record (Tue Sep 05 2023 19:48:34 GMT+0200 (Mitteleuropäische Sommerzeit)) successfully!
vant-recorder  2023-09-05T17:48:44.138Z  info : New realtime record (Tue Sep 05 2023 19:48:44 GMT+0200 (Mitteleuropäische Sommerzeit))
vant-recorder  2023-09-05T17:48:44.153Z  debug : Sent realtime record (Tue Sep 05 2023 19:48:44 GMT+0200 (Mitteleuropäische Sommerzeit)) successfully!
vant-recorder  2023-09-05T17:48:54.141Z  info : New realtime record (Tue Sep 05 2023 19:48:54 GMT+0200 (Mitteleuropäische Sommerzeit))
vant-recorder  2023-09-05T17:48:54.159Z  debug : Sent realtime record (Tue Sep 05 2023 19:48:54 GMT+0200 (Mitteleuropäische Sommerzeit)) successfully!
vant-recorder  2023-09-05T17:56:49.072Z  info : Configured logger!
vant-recorder  2023-09-05T17:58:10.321Z  info : Configured logger!
vant-recorder  2023-09-05T17:58:18.115Z  info : Configured logger!
vant-recorder  2023-09-05T17:59:09.735Z  info : Configured logger!
vant-recorder  2023-09-05T17:59:31.513Z  info : Configured logger!
vant-recorder  2023-09-05T17:59:31.574Z  info : Started recorder!
vant-recorder  2023-09-05T17:59:31.710Z  info : New realtime record (Tue Sep 05 2023 19:59:31 GMT+0200 (Mitteleuropäische Sommerzeit))
vant-recorder  2023-09-05T17:59:31.732Z  error : Failed to send realtime record!
vant-recorder  2023-09-05T17:59:31.732Z  error : Server message: 'Route '/v1/current' does not exist!'
vant-recorder  2023-09-05T17:59:41.166Z  info : New realtime record (Tue Sep 05 2023 19:59:41 GMT+0200 (Mitteleuropäische Sommerzeit))
vant-recorder  2023-09-05T17:59:41.176Z  error : Failed to send realtime record!
vant-recorder  2023-09-05T17:59:41.177Z  error : Server message: 'Route '/v1/current' does not exist!'
vant-recorder  2023-09-05T18:00:06.777Z  info : Configured logger!
vant-recorder  2023-09-05T18:00:06.814Z  info : Started recorder!
vant-recorder  2023-09-05T18:00:06.951Z  info : New realtime record (Tue Sep 05 2023 20:00:06 GMT+0200 (Mitteleuropäische Sommerzeit))
vant-recorder  2023-09-05T18:00:06.973Z  error : Failed to send realtime record!
vant-recorder  2023-09-05T18:00:06.974Z  error : Server message: 'Route '//v1/current' does not exist!'
vant-recorder  2023-09-05T18:00:16.161Z  info : New realtime record (Tue Sep 05 2023 20:00:16 GMT+0200 (Mitteleuropäische Sommerzeit))
vant-recorder  2023-09-05T18:00:16.167Z  error : Failed to send realtime record!
vant-recorder  2023-09-05T18:00:16.167Z  error : Server message: 'Route '//v1/current' does not exist!'
vant-recorder  2023-09-05T18:00:27.791Z  info : Configured logger!
vant-recorder  2023-09-05T18:00:27.830Z  info : Started recorder!
vant-recorder  2023-09-05T18:00:27.967Z  info : New realtime record (Tue Sep 05 2023 20:00:27 GMT+0200 (Mitteleuropäische Sommerzeit))
vant-recorder  2023-09-05T18:00:28.007Z  debug : Sent realtime record (Tue Sep 05 2023 20:00:27 GMT+0200 (Mitteleuropäische Sommerzeit)) successfully!
vant-recorder  2023-09-05T18:00:37.155Z  info : New realtime record (Tue Sep 05 2023 20:00:37 GMT+0200 (Mitteleuropäische Sommerzeit))
vant-recorder  2023-09-05T18:00:37.173Z  debug : Sent realtime record (Tue Sep 05 2023 20:00:37 GMT+0200 (Mitteleuropäische Sommerzeit)) successfully!
vant-recorder  2023-09-05T18:00:47.140Z  info : New realtime record (Tue Sep 05 2023 20:00:47 GMT+0200 (Mitteleuropäische Sommerzeit))
vant-recorder  2023-09-05T18:00:47.163Z  debug : Sent realtime record (Tue Sep 05 2023 20:00:47 GMT+0200 (Mitteleuropäische Sommerzeit)) successfully!
vant-recorder  2023-09-05T18:00:57.141Z  info : New realtime record (Tue Sep 05 2023 20:00:57 GMT+0200 (Mitteleuropäische Sommerzeit))
vant-recorder  2023-09-05T18:00:57.158Z  debug : Sent realtime record (Tue Sep 05 2023 20:00:57 GMT+0200 (Mitteleuropäische Sommerzeit)) successfully!
vant-recorder  2023-09-05T18:01:07.144Z  info : New realtime record (Tue Sep 05 2023 20:01:07 GMT+0200 (Mitteleuropäische Sommerzeit))
vant-recorder  2023-09-05T18:01:07.163Z  debug : Sent realtime record (Tue Sep 05 2023 20:01:07 GMT+0200 (Mitteleuropäische Sommerzeit)) successfully!
vant-recorder  2023-09-05T18:01:18.461Z  info : Configured logger!
vant-recorder  2023-09-05T18:01:18.462Z  debug : Loaded environment variables!
vant-recorder  2023-09-05T18:01:18.498Z  info : Started recorder!
vant-recorder  2023-09-05T18:01:18.639Z  info : New realtime record (Tue Sep 05 2023 20:01:18 GMT+0200 (Mitteleuropäische Sommerzeit))
vant-recorder  2023-09-05T18:01:18.689Z  debug : Sent realtime record (Tue Sep 05 2023 20:01:18 GMT+0200 (Mitteleuropäische Sommerzeit)) successfully!
vant-recorder  2023-09-05T18:01:28.163Z  info : New realtime record (Tue Sep 05 2023 20:01:28 GMT+0200 (Mitteleuropäische Sommerzeit))
vant-recorder  2023-09-05T18:01:28.179Z  debug : Sent realtime record (Tue Sep 05 2023 20:01:28 GMT+0200 (Mitteleuropäische Sommerzeit)) successfully!
vant-recorder  2023-09-05T18:01:38.146Z  info : New realtime record (Tue Sep 05 2023 20:01:38 GMT+0200 (Mitteleuropäische Sommerzeit))
vant-recorder  2023-09-05T18:01:38.162Z  debug : Sent realtime record (Tue Sep 05 2023 20:01:38 GMT+0200 (Mitteleuropäische Sommerzeit)) successfully!
vant-recorder  2023-09-05T18:01:48.145Z  info : New realtime record (Tue Sep 05 2023 20:01:48 GMT+0200 (Mitteleuropäische Sommerzeit))
vant-recorder  2023-09-05T18:01:48.152Z  error : Failed to send realtime record!
vant-recorder  2023-09-05T18:01:48.153Z  error : Is your api running?
vant-recorder  2023-09-05T18:01:58.144Z  info : New realtime record (Tue Sep 05 2023 20:01:58 GMT+0200 (Mitteleuropäische Sommerzeit))
vant-recorder  2023-09-05T18:01:58.147Z  error : Failed to send realtime record!
vant-recorder  2023-09-05T18:01:58.148Z  error : Is your api running?
vant-recorder  2023-09-05T18:02:08.138Z  info : New realtime record (Tue Sep 05 2023 20:02:08 GMT+0200 (Mitteleuropäische Sommerzeit))
vant-recorder  2023-09-05T18:02:08.142Z  error : Failed to send realtime record!
vant-recorder  2023-09-05T18:02:08.143Z  error : Is your api running?
vant-recorder  2023-09-05T18:02:18.143Z  info : New realtime record (Tue Sep 05 2023 20:02:18 GMT+0200 (Mitteleuropäische Sommerzeit))
vant-recorder  2023-09-05T18:02:18.146Z  error : Failed to send realtime record!
vant-recorder  2023-09-05T18:02:18.146Z  error : Is your api running?
vant-recorder  2023-09-05T18:02:28.136Z  info : New realtime record (Tue Sep 05 2023 20:02:28 GMT+0200 (Mitteleuropäische Sommerzeit))
vant-recorder  2023-09-05T18:02:28.139Z  error : Failed to send realtime record!
vant-recorder  2023-09-05T18:02:28.139Z  error : Is your api running?
vant-recorder  2023-09-05T18:02:38.146Z  info : New realtime record (Tue Sep 05 2023 20:02:38 GMT+0200 (Mitteleuropäische Sommerzeit))
vant-recorder  2023-09-05T18:02:38.149Z  error : Failed to send realtime record!
vant-recorder  2023-09-05T18:02:38.150Z  error : Is your api running?
vant-recorder  2023-09-05T18:02:48.139Z  info : New realtime record (Tue Sep 05 2023 20:02:48 GMT+0200 (Mitteleuropäische Sommerzeit))
vant-recorder  2023-09-05T18:02:48.142Z  error : Failed to send realtime record!
vant-recorder  2023-09-05T18:02:48.143Z  error : Is your api running?
vant-recorder  2023-09-05T18:02:58.137Z  info : New realtime record (Tue Sep 05 2023 20:02:58 GMT+0200 (Mitteleuropäische Sommerzeit))
vant-recorder  2023-09-05T18:02:58.139Z  error : Failed to send realtime record!
vant-recorder  2023-09-05T18:02:58.140Z  error : Is your api running?
vant-recorder  2023-09-05T18:03:08.133Z  info : New realtime record (Tue Sep 05 2023 20:03:08 GMT+0200 (Mitteleuropäische Sommerzeit))
vant-recorder  2023-09-05T18:03:08.136Z  error : Failed to send realtime record!
vant-recorder  2023-09-05T18:03:08.136Z  error : Is your api running?
vant-recorder  2023-09-05T18:03:18.143Z  info : New realtime record (Tue Sep 05 2023 20:03:18 GMT+0200 (Mitteleuropäische Sommerzeit))
vant-recorder  2023-09-05T18:03:18.146Z  error : Failed to send realtime record!
vant-recorder  2023-09-05T18:03:18.147Z  error : Is your api running?
vant-recorder  2023-09-05T18:03:28.138Z  info : New realtime record (Tue Sep 05 2023 20:03:28 GMT+0200 (Mitteleuropäische Sommerzeit))
vant-recorder  2023-09-05T18:03:28.140Z  error : Failed to send realtime record!
vant-recorder  2023-09-05T18:03:28.141Z  error : Is your api running?
vant-recorder  2023-09-05T18:03:38.144Z  info : New realtime record (Tue Sep 05 2023 20:03:38 GMT+0200 (Mitteleuropäische Sommerzeit))
vant-recorder  2023-09-05T18:03:38.147Z  error : Failed to send realtime record!
vant-recorder  2023-09-05T18:03:38.148Z  error : Is your api running?
vant-recorder  2023-09-05T18:03:48.132Z  info : New realtime record (Tue Sep 05 2023 20:03:48 GMT+0200 (Mitteleuropäische Sommerzeit))
vant-recorder  2023-09-05T18:03:48.135Z  error : Failed to send realtime record!
vant-recorder  2023-09-05T18:03:48.136Z  error : Is your api running?
vant-recorder  2023-09-05T18:03:58.144Z  info : New realtime record (Tue Sep 05 2023 20:03:58 GMT+0200 (Mitteleuropäische Sommerzeit))
vant-recorder  2023-09-05T18:03:58.146Z  error : Failed to send realtime record!
vant-recorder  2023-09-05T18:03:58.146Z  error : Is your api running?
vant-recorder  2023-09-05T18:04:08.143Z  info : New realtime record (Tue Sep 05 2023 20:04:08 GMT+0200 (Mitteleuropäische Sommerzeit))
vant-recorder  2023-09-05T18:04:08.146Z  error : Failed to send realtime record!
vant-recorder  2023-09-05T18:04:08.147Z  error : Is your api running?
vant-recorder  2023-09-05T18:04:18.143Z  info : New realtime record (Tue Sep 05 2023 20:04:18 GMT+0200 (Mitteleuropäische Sommerzeit))
vant-recorder  2023-09-05T18:04:18.146Z  error : Failed to send realtime record!
vant-recorder  2023-09-05T18:04:18.146Z  error : Is your api running?
vant-recorder  2023-09-05T18:04:28.136Z  info : New realtime record (Tue Sep 05 2023 20:04:28 GMT+0200 (Mitteleuropäische Sommerzeit))
vant-recorder  2023-09-05T18:04:28.140Z  error : Failed to send realtime record!
vant-recorder  2023-09-05T18:04:28.141Z  error : Is your api running?
vant-recorder  2023-09-05T18:04:38.136Z  info : New realtime record (Tue Sep 05 2023 20:04:38 GMT+0200 (Mitteleuropäische Sommerzeit))
vant-recorder  2023-09-05T18:04:38.139Z  error : Failed to send realtime record!
vant-recorder  2023-09-05T18:04:38.139Z  error : Is your api running?
vant-recorder  2023-09-05T18:04:48.139Z  info : New realtime record (Tue Sep 05 2023 20:04:48 GMT+0200 (Mitteleuropäische Sommerzeit))
vant-recorder  2023-09-05T18:04:48.142Z  error : Failed to send realtime record!
vant-recorder  2023-09-05T18:04:48.142Z  error : Is your api running?
vant-recorder  2023-09-05T18:04:58.147Z  info : New realtime record (Tue Sep 05 2023 20:04:58 GMT+0200 (Mitteleuropäische Sommerzeit))
vant-recorder  2023-09-05T18:04:58.150Z  error : Failed to send realtime record!
vant-recorder  2023-09-05T18:04:58.150Z  error : Is your api running?
vant-recorder  2023-09-05T18:05:08.140Z  info : New realtime record (Tue Sep 05 2023 20:05:08 GMT+0200 (Mitteleuropäische Sommerzeit))
vant-recorder  2023-09-05T18:05:08.142Z  error : Failed to send realtime record!
vant-recorder  2023-09-05T18:05:08.143Z  error : Is your api running?
vant-recorder  2023-09-05T18:05:18.140Z  info : New realtime record (Tue Sep 05 2023 20:05:18 GMT+0200 (Mitteleuropäische Sommerzeit))
vant-recorder  2023-09-05T18:05:18.142Z  error : Failed to send realtime record!
vant-recorder  2023-09-05T18:05:18.143Z  error : Is your api running?
vant-recorder  2023-09-05T18:05:28.145Z  info : New realtime record (Tue Sep 05 2023 20:05:28 GMT+0200 (Mitteleuropäische Sommerzeit))
vant-recorder  2023-09-05T18:05:28.147Z  error : Failed to send realtime record!
vant-recorder  2023-09-05T18:05:28.147Z  error : Is your api running?
vant-recorder  2023-09-05T18:05:38.134Z  info : New realtime record (Tue Sep 05 2023 20:05:38 GMT+0200 (Mitteleuropäische Sommerzeit))
vant-recorder  2023-09-05T18:05:38.136Z  error : Failed to send realtime record!
vant-recorder  2023-09-05T18:05:38.137Z  error : Is your api running?
vant-recorder  2023-09-05T18:05:48.141Z  info : New realtime record (Tue Sep 05 2023 20:05:48 GMT+0200 (Mitteleuropäische Sommerzeit))
vant-recorder  2023-09-05T18:05:48.143Z  error : Failed to send realtime record!
vant-recorder  2023-09-05T18:05:48.143Z  error : Is your api running?
vant-recorder  2023-09-05T18:05:58.142Z  info : New realtime record (Tue Sep 05 2023 20:05:58 GMT+0200 (Mitteleuropäische Sommerzeit))
vant-recorder  2023-09-05T18:05:58.144Z  error : Failed to send realtime record!
vant-recorder  2023-09-05T18:05:58.144Z  error : Is your api running?
vant-recorder  2023-09-05T18:06:08.143Z  info : New realtime record (Tue Sep 05 2023 20:06:08 GMT+0200 (Mitteleuropäische Sommerzeit))
vant-recorder  2023-09-05T18:06:08.145Z  error : Failed to send realtime record!
vant-recorder  2023-09-05T18:06:08.145Z  error : Is your api running?
vant-recorder  2023-09-05T18:06:18.133Z  info : New realtime record (Tue Sep 05 2023 20:06:18 GMT+0200 (Mitteleuropäische Sommerzeit))
vant-recorder  2023-09-05T18:06:18.135Z  error : Failed to send realtime record!
vant-recorder  2023-09-05T18:06:18.135Z  error : Is your api running?
vant-recorder  2023-09-05T18:06:28.133Z  info : New realtime record (Tue Sep 05 2023 20:06:28 GMT+0200 (Mitteleuropäische Sommerzeit))
vant-recorder  2023-09-05T18:06:28.135Z  error : Failed to send realtime record!
vant-recorder  2023-09-05T18:06:28.135Z  error : Is your api running?
vant-recorder  2023-09-05T18:06:38.141Z  info : New realtime record (Tue Sep 05 2023 20:06:38 GMT+0200 (Mitteleuropäische Sommerzeit))
vant-recorder  2023-09-05T18:06:38.143Z  error : Failed to send realtime record!
vant-recorder  2023-09-05T18:06:38.143Z  error : Is your api running?
vant-recorder  2023-09-05T18:06:48.167Z  info : New realtime record (Tue Sep 05 2023 20:06:48 GMT+0200 (Mitteleuropäische Sommerzeit))
vant-recorder  2023-09-05T18:06:48.169Z  error : Failed to send realtime record!
vant-recorder  2023-09-05T18:06:48.169Z  error : Is your api running?
vant-recorder  2023-09-05T18:06:58.141Z  info : New realtime record (Tue Sep 05 2023 20:06:58 GMT+0200 (Mitteleuropäische Sommerzeit))
vant-recorder  2023-09-05T18:06:58.143Z  error : Failed to send realtime record!
vant-recorder  2023-09-05T18:06:58.143Z  error : Is your api running?
vant-recorder  2023-09-05T18:07:08.134Z  info : New realtime record (Tue Sep 05 2023 20:07:08 GMT+0200 (Mitteleuropäische Sommerzeit))
vant-recorder  2023-09-05T18:07:08.136Z  error : Failed to send realtime record!
vant-recorder  2023-09-05T18:07:08.137Z  error : Is your api running?
vant-recorder  2023-09-05T18:07:18.131Z  info : New realtime record (Tue Sep 05 2023 20:07:18 GMT+0200 (Mitteleuropäische Sommerzeit))
vant-recorder  2023-09-05T18:07:18.182Z  debug : Sent realtime record (Tue Sep 05 2023 20:07:18 GMT+0200 (Mitteleuropäische Sommerzeit)) successfully!
vant-recorder  2023-09-05T18:07:28.161Z  info : Configured logger!
vant-recorder  2023-09-05T18:07:28.162Z  debug : Loaded environment variables!
vant-recorder  2023-09-05T18:07:28.198Z  info : Started recorder!
vant-recorder  2023-09-05T18:07:28.336Z  info : New realtime record (Tue Sep 05 2023 20:07:28 GMT+0200 (Mitteleuropäische Sommerzeit))
vant-recorder  2023-09-05T18:07:28.371Z  debug : Sent realtime record (Tue Sep 05 2023 20:07:28 GMT+0200 (Mitteleuropäische Sommerzeit)) successfully!
vant-recorder  2023-09-05T18:07:38.151Z  info : New realtime record (Tue Sep 05 2023 20:07:38 GMT+0200 (Mitteleuropäische Sommerzeit))
vant-recorder  2023-09-05T18:07:38.167Z  debug : Sent realtime record (Tue Sep 05 2023 20:07:38 GMT+0200 (Mitteleuropäische Sommerzeit)) successfully!
vant-recorder  2023-09-05T18:07:48.145Z  info : New realtime record (Tue Sep 05 2023 20:07:48 GMT+0200 (Mitteleuropäische Sommerzeit))
vant-recorder  2023-09-05T18:07:48.160Z  debug : Sent realtime record (Tue Sep 05 2023 20:07:48 GMT+0200 (Mitteleuropäische Sommerzeit)) successfully!
vant-recorder  2023-09-05T18:07:58.140Z  info : New realtime record (Tue Sep 05 2023 20:07:58 GMT+0200 (Mitteleuropäische Sommerzeit))
vant-recorder  2023-09-05T18:07:58.155Z  debug : Sent realtime record (Tue Sep 05 2023 20:07:58 GMT+0200 (Mitteleuropäische Sommerzeit)) successfully!
