vant-api  2023-09-05T16:17:43.796Z  info : Configured logger!
vant-api  2023-09-05T16:17:43.797Z  debug : Loaded environment variables!
vant-api  2023-09-05T16:17:43.803Z  info : Successfully started vant-api server on port 8000!
vant-api  2023-09-05T16:17:43.817Z  info : Successfully connected to database!
vant-api  2023-09-05T16:17:43.998Z  info : REQUEST POST /api/v1/current
vant-api  2023-09-05T16:17:44.014Z  debug : Validating ingoing current conditions...
vant-api  2023-09-05T16:17:44.018Z  debug : Deleting outdated current conditions...
vant-api  2023-09-05T16:17:44.027Z  debug : Saving new current conditions...
vant-api  2023-09-05T16:17:49.706Z  info : REQUEST GET /
vant-api  2023-09-05T16:17:49.707Z  error : [404] Route '/' does not exist!
vant-api  2023-09-05T16:17:54.119Z  info : REQUEST POST /api/v1/current
vant-api  2023-09-05T16:17:54.127Z  debug : Validating ingoing current conditions...
vant-api  2023-09-05T16:17:54.128Z  debug : Deleting outdated current conditions...
vant-api  2023-09-05T16:17:54.131Z  debug : Saving new current conditions...
vant-api  2023-09-05T16:18:03.422Z  info : REQUEST GET /api/v1/current?rainUnit=in
vant-api  2023-09-05T16:18:03.431Z  debug : Changing units...
vant-api  2023-09-05T16:18:04.259Z  info : REQUEST POST /api/v1/current
vant-api  2023-09-05T16:18:04.265Z  debug : Validating ingoing current conditions...
vant-api  2023-09-05T16:18:04.266Z  debug : Deleting outdated current conditions...
vant-api  2023-09-05T16:18:04.269Z  debug : Saving new current conditions...
vant-api  2023-09-05T16:18:13.686Z  info : REQUEST GET /api/v1/current?rainUnit=inch
vant-api  2023-09-05T16:18:13.688Z  error : [400] Invalid rain unit. Allowed values are: 'in', 'mm'
vant-api  2023-09-05T16:18:14.422Z  info : REQUEST POST /api/v1/current
vant-api  2023-09-05T16:18:14.427Z  debug : Validating ingoing current conditions...
vant-api  2023-09-05T16:18:14.428Z  debug : Deleting outdated current conditions...
vant-api  2023-09-05T16:18:14.430Z  debug : Saving new current conditions...
vant-api  2023-09-05T16:18:24.555Z  info : REQUEST POST /api/v1/current
vant-api  2023-09-05T16:18:24.560Z  debug : Validating ingoing current conditions...
vant-api  2023-09-05T16:18:24.561Z  debug : Deleting outdated current conditions...
vant-api  2023-09-05T16:18:24.565Z  debug : Saving new current conditions...
vant-api  2023-09-05T16:18:34.697Z  info : REQUEST POST /api/v1/current
vant-api  2023-09-05T16:18:34.702Z  debug : Validating ingoing current conditions...
vant-api  2023-09-05T16:18:34.703Z  debug : Deleting outdated current conditions...
vant-api  2023-09-05T16:18:34.707Z  debug : Saving new current conditions...
vant-api  2023-09-05T16:18:44.832Z  info : REQUEST POST /api/v1/current
vant-api  2023-09-05T16:18:44.837Z  debug : Validating ingoing current conditions...
vant-api  2023-09-05T16:18:44.838Z  debug : Deleting outdated current conditions...
vant-api  2023-09-05T16:18:44.841Z  debug : Saving new current conditions...
vant-api  2023-09-05T16:18:54.975Z  info : REQUEST POST /api/v1/current
vant-api  2023-09-05T16:18:54.979Z  debug : Validating ingoing current conditions...
vant-api  2023-09-05T16:18:54.980Z  debug : Deleting outdated current conditions...
vant-api  2023-09-05T16:18:54.983Z  debug : Saving new current conditions...
vant-api  2023-09-05T17:39:40.345Z  info : Configured logger!
vant-api  2023-09-05T17:39:40.346Z  warn : Environment variable 'TEMPERATURE_UNIT' is missing or invalid!
vant-api  2023-09-05T17:39:40.347Z  debug : Loaded environment variables!
vant-api  2023-09-05T17:39:40.353Z  info : Successfully started vant-api server on port 8000!
vant-api  2023-09-05T17:39:40.368Z  info : Successfully connected to database!
vant-api  2023-09-05T17:40:16.729Z  info : Configured logger!
vant-api  2023-09-05T17:40:16.731Z  warn : Environment variable 'TEMPERATURE_UNIT' is missing or invalid!
vant-api  2023-09-05T17:40:16.731Z  debug : Loaded environment variables!
vant-api  2023-09-05T17:40:16.737Z  info : Successfully started vant-api server on port 8000!
vant-api  2023-09-05T17:40:16.751Z  info : Successfully connected to database!
vant-api  2023-09-05T17:40:30.914Z  info : Configured logger!
vant-api  2023-09-05T17:40:30.916Z  debug : Loaded environment variables!
vant-api  2023-09-05T17:40:30.921Z  info : Successfully started vant-api server on port 8000!
vant-api  2023-09-05T17:40:30.934Z  info : Successfully connected to database!
vant-api  2023-09-05T17:40:50.220Z  info : REQUEST POST /api/v1/current
vant-api  2023-09-05T17:40:50.237Z  debug : Validating ingoing current conditions...
vant-api  2023-09-05T17:40:50.241Z  debug : Deleting outdated current conditions...
vant-api  2023-09-05T17:40:50.247Z  debug : Saving new current conditions...
vant-api  2023-09-05T17:41:00.341Z  info : REQUEST POST /api/v1/current
vant-api  2023-09-05T17:41:00.347Z  debug : Validating ingoing current conditions...
vant-api  2023-09-05T17:41:00.349Z  debug : Deleting outdated current conditions...
vant-api  2023-09-05T17:41:00.351Z  debug : Saving new current conditions...
vant-api  2023-09-05T17:41:10.477Z  info : REQUEST POST /api/v1/current
vant-api  2023-09-05T17:41:10.486Z  debug : Validating ingoing current conditions...
vant-api  2023-09-05T17:41:10.488Z  debug : Deleting outdated current conditions...
vant-api  2023-09-05T17:41:10.490Z  debug : Saving new current conditions...
vant-api  2023-09-05T17:41:20.613Z  info : REQUEST POST /api/v1/current
vant-api  2023-09-05T17:41:20.619Z  debug : Validating ingoing current conditions...
vant-api  2023-09-05T17:41:20.620Z  debug : Deleting outdated current conditions...
vant-api  2023-09-05T17:41:20.622Z  debug : Saving new current conditions...
vant-api  2023-09-05T17:41:30.753Z  info : REQUEST POST /api/v1/current
vant-api  2023-09-05T17:41:30.758Z  debug : Validating ingoing current conditions...
vant-api  2023-09-05T17:41:30.759Z  debug : Deleting outdated current conditions...
vant-api  2023-09-05T17:41:30.762Z  debug : Saving new current conditions...
vant-api  2023-09-05T17:41:40.899Z  info : REQUEST POST /api/v1/current
vant-api  2023-09-05T17:41:40.904Z  debug : Validating ingoing current conditions...
vant-api  2023-09-05T17:41:40.906Z  debug : Deleting outdated current conditions...
vant-api  2023-09-05T17:41:40.908Z  debug : Saving new current conditions...
vant-api  2023-09-05T17:41:51.031Z  info : REQUEST POST /api/v1/current
vant-api  2023-09-05T17:41:51.037Z  debug : Validating ingoing current conditions...
vant-api  2023-09-05T17:41:51.038Z  debug : Deleting outdated current conditions...
vant-api  2023-09-05T17:41:51.041Z  debug : Saving new current conditions...
vant-api  2023-09-05T17:41:58.165Z  info : REQUEST POST /api/v1/current
vant-api  2023-09-05T17:41:58.169Z  debug : Validating ingoing current conditions...
vant-api  2023-09-05T17:41:58.170Z  debug : Deleting outdated current conditions...
vant-api  2023-09-05T17:41:58.172Z  debug : Saving new current conditions...
vant-api  2023-09-05T17:42:16.135Z  info : REQUEST POST /api/v1/current
vant-api  2023-09-05T17:42:16.141Z  debug : Validating ingoing current conditions...
vant-api  2023-09-05T17:42:16.142Z  debug : Deleting outdated current conditions...
vant-api  2023-09-05T17:42:16.144Z  debug : Saving new current conditions...
vant-api  2023-09-05T17:42:26.155Z  info : REQUEST POST /api/v1/current
vant-api  2023-09-05T17:42:26.160Z  debug : Validating ingoing current conditions...
vant-api  2023-09-05T17:42:26.161Z  debug : Deleting outdated current conditions...
vant-api  2023-09-05T17:42:26.163Z  debug : Saving new current conditions...
vant-api  2023-09-05T17:42:36.143Z  info : REQUEST POST /api/v1/current
vant-api  2023-09-05T17:42:36.148Z  debug : Validating ingoing current conditions...
vant-api  2023-09-05T17:42:36.149Z  debug : Deleting outdated current conditions...
vant-api  2023-09-05T17:42:36.151Z  debug : Saving new current conditions...
vant-api  2023-09-05T17:42:46.147Z  info : REQUEST POST /api/v1/current
vant-api  2023-09-05T17:42:46.157Z  debug : Validating ingoing current conditions...
vant-api  2023-09-05T17:42:46.159Z  debug : Deleting outdated current conditions...
vant-api  2023-09-05T17:42:46.161Z  debug : Saving new current conditions...
vant-api  2023-09-05T17:42:56.156Z  info : REQUEST POST /api/v1/current
vant-api  2023-09-05T17:42:56.164Z  debug : Validating ingoing current conditions...
vant-api  2023-09-05T17:42:56.165Z  debug : Deleting outdated current conditions...
vant-api  2023-09-05T17:42:56.167Z  debug : Saving new current conditions...
vant-api  2023-09-05T17:43:06.151Z  info : REQUEST POST /api/v1/current
vant-api  2023-09-05T17:43:06.161Z  debug : Validating ingoing current conditions...
vant-api  2023-09-05T17:43:06.163Z  debug : Deleting outdated current conditions...
vant-api  2023-09-05T17:43:06.167Z  debug : Saving new current conditions...
vant-api  2023-09-05T17:43:16.146Z  info : REQUEST POST /api/v1/current
vant-api  2023-09-05T17:43:16.157Z  debug : Validating ingoing current conditions...
vant-api  2023-09-05T17:43:16.158Z  debug : Deleting outdated current conditions...
vant-api  2023-09-05T17:43:16.161Z  debug : Saving new current conditions...
vant-api  2023-09-05T17:43:31.121Z  info : REQUEST POST /api/v1/current
vant-api  2023-09-05T17:43:31.125Z  debug : Validating ingoing current conditions...
vant-api  2023-09-05T17:43:31.126Z  debug : Deleting outdated current conditions...
vant-api  2023-09-05T17:43:31.128Z  debug : Saving new current conditions...
vant-api  2023-09-05T17:43:41.165Z  info : REQUEST POST /api/v1/current
vant-api  2023-09-05T17:43:41.172Z  debug : Validating ingoing current conditions...
vant-api  2023-09-05T17:43:41.174Z  debug : Deleting outdated current conditions...
vant-api  2023-09-05T17:43:41.176Z  debug : Saving new current conditions...
vant-api  2023-09-05T17:43:51.146Z  info : REQUEST POST /api/v1/current
vant-api  2023-09-05T17:43:51.153Z  debug : Validating ingoing current conditions...
vant-api  2023-09-05T17:43:51.154Z  debug : Deleting outdated current conditions...
vant-api  2023-09-05T17:43:51.156Z  debug : Saving new current conditions...
vant-api  2023-09-05T17:44:01.143Z  info : REQUEST POST /api/v1/current
vant-api  2023-09-05T17:44:01.148Z  debug : Validating ingoing current conditions...
vant-api  2023-09-05T17:44:01.149Z  debug : Deleting outdated current conditions...
vant-api  2023-09-05T17:44:01.152Z  debug : Saving new current conditions...
vant-api  2023-09-05T17:44:11.150Z  info : REQUEST POST /api/v1/current
vant-api  2023-09-05T17:44:11.156Z  debug : Validating ingoing current conditions...
vant-api  2023-09-05T17:44:11.158Z  debug : Deleting outdated current conditions...
vant-api  2023-09-05T17:44:11.160Z  debug : Saving new current conditions...
vant-api  2023-09-05T17:44:21.150Z  info : REQUEST POST /api/v1/current
vant-api  2023-09-05T17:44:21.155Z  debug : Validating ingoing current conditions...
vant-api  2023-09-05T17:44:21.156Z  debug : Deleting outdated current conditions...
vant-api  2023-09-05T17:44:21.158Z  debug : Saving new current conditions...
vant-api  2023-09-05T17:46:40.280Z  info : Configured logger!
vant-api  2023-09-05T17:46:40.281Z  debug : Loaded environment variables!
vant-api  2023-09-05T17:46:40.286Z  info : Successfully started vant-api server on port 8000!
vant-api  2023-09-05T17:46:40.300Z  info : Successfully connected to database!
vant-api  2023-09-05T17:46:44.154Z  info : REQUEST POST /api/v1/current
vant-api  2023-09-05T17:46:44.170Z  debug : Validating ingoing current conditions...
vant-api  2023-09-05T17:46:44.175Z  debug : Deleting outdated current conditions...
vant-api  2023-09-05T17:46:44.181Z  debug : Saving new current conditions...
vant-api  2023-09-05T17:46:54.144Z  info : REQUEST POST /api/v1/current
vant-api  2023-09-05T17:46:54.152Z  debug : Validating ingoing current conditions...
vant-api  2023-09-05T17:46:54.153Z  debug : Deleting outdated current conditions...
vant-api  2023-09-05T17:46:54.157Z  debug : Saving new current conditions...
vant-api  2023-09-05T17:47:04.145Z  info : REQUEST POST /api/v1/current
vant-api  2023-09-05T17:47:04.151Z  debug : Validating ingoing current conditions...
vant-api  2023-09-05T17:47:04.153Z  debug : Deleting outdated current conditions...
vant-api  2023-09-05T17:47:04.157Z  debug : Saving new current conditions...
vant-api  2023-09-05T17:47:14.141Z  info : REQUEST POST /api/v1/current
vant-api  2023-09-05T17:47:14.146Z  debug : Validating ingoing current conditions...
vant-api  2023-09-05T17:47:14.148Z  debug : Deleting outdated current conditions...
vant-api  2023-09-05T17:47:14.150Z  debug : Saving new current conditions...
vant-api  2023-09-05T17:47:24.143Z  info : REQUEST POST /api/v1/current
vant-api  2023-09-05T17:47:24.149Z  debug : Validating ingoing current conditions...
vant-api  2023-09-05T17:47:24.151Z  debug : Deleting outdated current conditions...
vant-api  2023-09-05T17:47:24.153Z  debug : Saving new current conditions...
vant-api  2023-09-05T17:47:34.148Z  info : REQUEST POST /api/v1/current
vant-api  2023-09-05T17:47:34.154Z  debug : Validating ingoing current conditions...
vant-api  2023-09-05T17:47:34.156Z  debug : Deleting outdated current conditions...
vant-api  2023-09-05T17:47:34.159Z  debug : Saving new current conditions...
vant-api  2023-09-05T17:47:44.145Z  info : REQUEST POST /api/v1/current
vant-api  2023-09-05T17:47:44.151Z  debug : Validating ingoing current conditions...
vant-api  2023-09-05T17:47:44.152Z  debug : Deleting outdated current conditions...
vant-api  2023-09-05T17:47:44.155Z  debug : Saving new current conditions...
vant-api  2023-09-05T17:47:54.136Z  info : REQUEST POST /api/v1/current
vant-api  2023-09-05T17:47:54.141Z  debug : Validating ingoing current conditions...
vant-api  2023-09-05T17:47:54.142Z  debug : Deleting outdated current conditions...
vant-api  2023-09-05T17:47:54.145Z  debug : Saving new current conditions...
vant-api  2023-09-05T17:48:04.142Z  info : REQUEST POST /api/v1/current
vant-api  2023-09-05T17:48:04.148Z  debug : Validating ingoing current conditions...
vant-api  2023-09-05T17:48:04.149Z  debug : Deleting outdated current conditions...
vant-api  2023-09-05T17:48:04.152Z  debug : Saving new current conditions...
vant-api  2023-09-05T17:48:14.148Z  info : REQUEST POST /api/v1/current
vant-api  2023-09-05T17:48:14.154Z  debug : Validating ingoing current conditions...
vant-api  2023-09-05T17:48:14.156Z  debug : Deleting outdated current conditions...
vant-api  2023-09-05T17:48:14.158Z  debug : Saving new current conditions...
vant-api  2023-09-05T17:48:24.148Z  info : REQUEST POST /api/v1/current
vant-api  2023-09-05T17:48:24.153Z  debug : Validating ingoing current conditions...
vant-api  2023-09-05T17:48:24.154Z  debug : Deleting outdated current conditions...
vant-api  2023-09-05T17:48:24.158Z  debug : Saving new current conditions...
vant-api  2023-09-05T17:48:34.146Z  info : REQUEST POST /api/v1/current
vant-api  2023-09-05T17:48:34.153Z  debug : Validating ingoing current conditions...
vant-api  2023-09-05T17:48:34.154Z  debug : Deleting outdated current conditions...
vant-api  2023-09-05T17:48:34.156Z  debug : Saving new current conditions...
vant-api  2023-09-05T17:48:44.141Z  info : REQUEST POST /api/v1/current
vant-api  2023-09-05T17:48:44.146Z  debug : Validating ingoing current conditions...
vant-api  2023-09-05T17:48:44.147Z  debug : Deleting outdated current conditions...
vant-api  2023-09-05T17:48:44.149Z  debug : Saving new current conditions...
vant-api  2023-09-05T17:48:54.144Z  info : REQUEST POST /api/v1/current
vant-api  2023-09-05T17:48:54.150Z  debug : Validating ingoing current conditions...
vant-api  2023-09-05T17:48:54.152Z  debug : Deleting outdated current conditions...
vant-api  2023-09-05T17:48:54.155Z  debug : Saving new current conditions...
vant-api  2023-09-05T17:59:31.725Z  info : REQUEST POST /v1/current
vant-api  2023-09-05T17:59:31.727Z  error : [404] Route '/v1/current' does not exist!
vant-api  2023-09-05T17:59:41.172Z  info : REQUEST POST /v1/current
vant-api  2023-09-05T17:59:41.173Z  error : [404] Route '/v1/current' does not exist!
vant-api  2023-09-05T18:00:06.968Z  info : REQUEST POST //v1/current
vant-api  2023-09-05T18:00:06.968Z  error : [404] Route '//v1/current' does not exist!
vant-api  2023-09-05T18:00:16.165Z  info : REQUEST POST //v1/current
vant-api  2023-09-05T18:00:16.165Z  error : [404] Route '//v1/current' does not exist!
vant-api  2023-09-05T18:00:27.987Z  info : REQUEST POST /api/v1/current
vant-api  2023-09-05T18:00:27.993Z  debug : Validating ingoing current conditions...
vant-api  2023-09-05T18:00:27.995Z  debug : Deleting outdated current conditions...
vant-api  2023-09-05T18:00:27.997Z  debug : Saving new current conditions...
vant-api  2023-09-05T18:00:37.159Z  info : REQUEST POST /api/v1/current
vant-api  2023-09-05T18:00:37.164Z  debug : Validating ingoing current conditions...
vant-api  2023-09-05T18:00:37.165Z  debug : Deleting outdated current conditions...
vant-api  2023-09-05T18:00:37.169Z  debug : Saving new current conditions...
vant-api  2023-09-05T18:00:47.144Z  info : REQUEST POST /api/v1/current
vant-api  2023-09-05T18:00:47.153Z  debug : Validating ingoing current conditions...
vant-api  2023-09-05T18:00:47.155Z  debug : Deleting outdated current conditions...
vant-api  2023-09-05T18:00:47.157Z  debug : Saving new current conditions...
vant-api  2023-09-05T18:00:57.145Z  info : REQUEST POST /api/v1/current
vant-api  2023-09-05T18:00:57.150Z  debug : Validating ingoing current conditions...
vant-api  2023-09-05T18:00:57.151Z  debug : Deleting outdated current conditions...
vant-api  2023-09-05T18:00:57.153Z  debug : Saving new current conditions...
vant-api  2023-09-05T18:01:07.148Z  info : REQUEST POST /api/v1/current
vant-api  2023-09-05T18:01:07.155Z  debug : Validating ingoing current conditions...
vant-api  2023-09-05T18:01:07.156Z  debug : Deleting outdated current conditions...
vant-api  2023-09-05T18:01:07.159Z  debug : Saving new current conditions...
vant-api  2023-09-05T18:01:18.664Z  info : REQUEST POST /api/v1/current
vant-api  2023-09-05T18:01:18.674Z  debug : Validating ingoing current conditions...
vant-api  2023-09-05T18:01:18.676Z  debug : Deleting outdated current conditions...
vant-api  2023-09-05T18:01:18.678Z  debug : Saving new current conditions...
vant-api  2023-09-05T18:01:28.167Z  info : REQUEST POST /api/v1/current
vant-api  2023-09-05T18:01:28.172Z  debug : Validating ingoing current conditions...
vant-api  2023-09-05T18:01:28.172Z  debug : Deleting outdated current conditions...
vant-api  2023-09-05T18:01:28.175Z  debug : Saving new current conditions...
vant-api  2023-09-05T18:01:38.150Z  info : REQUEST POST /api/v1/current
vant-api  2023-09-05T18:01:38.156Z  debug : Validating ingoing current conditions...
vant-api  2023-09-05T18:01:38.157Z  debug : Deleting outdated current conditions...
vant-api  2023-09-05T18:01:38.159Z  debug : Saving new current conditions...
vant-api  2023-09-05T18:07:12.804Z  info : Configured logger!
vant-api  2023-09-05T18:07:12.804Z  debug : Loaded environment variables!
vant-api  2023-09-05T18:07:12.809Z  info : Successfully started vant-api server on port 8000!
vant-api  2023-09-05T18:07:12.822Z  info : Successfully connected to database!
vant-api  2023-09-05T18:07:18.147Z  info : REQUEST POST /api/v1/current
vant-api  2023-09-05T18:07:18.161Z  debug : Validating ingoing current conditions...
vant-api  2023-09-05T18:07:18.165Z  debug : Deleting outdated current conditions...
vant-api  2023-09-05T18:07:18.171Z  debug : Saving new current conditions...
vant-api  2023-09-05T18:07:28.352Z  info : REQUEST POST /api/v1/current
vant-api  2023-09-05T18:07:28.358Z  debug : Validating ingoing current conditions...
vant-api  2023-09-05T18:07:28.360Z  debug : Deleting outdated current conditions...
vant-api  2023-09-05T18:07:28.364Z  debug : Saving new current conditions...
vant-api  2023-09-05T18:07:38.154Z  info : REQUEST POST /api/v1/current
vant-api  2023-09-05T18:07:38.159Z  debug : Validating ingoing current conditions...
vant-api  2023-09-05T18:07:38.161Z  debug : Deleting outdated current conditions...
vant-api  2023-09-05T18:07:38.163Z  debug : Saving new current conditions...
vant-api  2023-09-05T18:07:48.148Z  info : REQUEST POST /api/v1/current
vant-api  2023-09-05T18:07:48.152Z  debug : Validating ingoing current conditions...
vant-api  2023-09-05T18:07:48.154Z  debug : Deleting outdated current conditions...
vant-api  2023-09-05T18:07:48.156Z  debug : Saving new current conditions...
vant-api  2023-09-05T18:07:58.143Z  info : REQUEST POST /api/v1/current
vant-api  2023-09-05T18:07:58.148Z  debug : Validating ingoing current conditions...
vant-api  2023-09-05T18:07:58.149Z  debug : Deleting outdated current conditions...
vant-api  2023-09-05T18:07:58.151Z  debug : Saving new current conditions...
